\BOOKMARK [1][-]{section.1}{Introduction}{}
\BOOKMARK [1][-]{section.2}{Processes and Threads}{}
\BOOKMARK [2][-]{subsection.2.1}{Windows}{section.2}
\BOOKMARK [3][-]{subsubsection.2.1.1}{Similarities to Linux}{subsection.2.1}
\BOOKMARK [3][-]{subsubsection.2.1.2}{Differences from Linux}{subsection.2.1}
\BOOKMARK [2][-]{subsection.2.2}{FreeBSD}{section.2}
\BOOKMARK [3][-]{subsubsection.2.2.1}{Similarities to Linux}{subsection.2.2}
\BOOKMARK [3][-]{subsubsection.2.2.2}{Differences from Linux}{subsection.2.2}
\BOOKMARK [1][-]{section.3}{I/O and Provided Functionality}{}
\BOOKMARK [2][-]{subsection.3.1}{Windows}{section.3}
\BOOKMARK [3][-]{subsubsection.3.1.1}{Similarities to Linux}{subsection.3.1}
\BOOKMARK [3][-]{subsubsection.3.1.2}{Differences from Linux}{subsection.3.1}
\BOOKMARK [2][-]{subsection.3.2}{FreeBSD}{section.3}
\BOOKMARK [3][-]{subsubsection.3.2.1}{Similarities to Linux}{subsection.3.2}
\BOOKMARK [3][-]{subsubsection.3.2.2}{Differences from Linux}{subsection.3.2}
\BOOKMARK [1][-]{section.4}{Memory Management}{}
\BOOKMARK [2][-]{subsection.4.1}{Windows}{section.4}
\BOOKMARK [3][-]{subsubsection.4.1.1}{Similarities to Linux}{subsection.4.1}
\BOOKMARK [3][-]{subsubsection.4.1.2}{Differences from Linux}{subsection.4.1}
\BOOKMARK [2][-]{subsection.4.2}{FreeBSD}{section.4}
\BOOKMARK [3][-]{subsubsection.4.2.1}{Similarities to Linux}{subsection.4.2}
\BOOKMARK [3][-]{subsubsection.4.2.2}{Differences from Linux}{subsection.4.2}
\BOOKMARK [1][-]{section.5}{Conclusion}{}
\BOOKMARK [1][-]{section*.2}{References}{}
