\BOOKMARK [1][-]{section.1}{Processes}{}
\BOOKMARK [2][-]{subsection.1.1}{Windows}{section.1}
\BOOKMARK [3][-]{subsubsection.1.1.1}{Similarities to Linux}{subsection.1.1}
\BOOKMARK [3][-]{subsubsection.1.1.2}{Differences from Linux}{subsection.1.1}
\BOOKMARK [2][-]{subsection.1.2}{FreeBSD}{section.1}
\BOOKMARK [3][-]{subsubsection.1.2.1}{Similarities to Linux}{subsection.1.2}
\BOOKMARK [3][-]{subsubsection.1.2.2}{Differences from Linux}{subsection.1.2}
\BOOKMARK [1][-]{section.2}{Threads}{}
\BOOKMARK [2][-]{subsection.2.1}{Windows}{section.2}
\BOOKMARK [3][-]{subsubsection.2.1.1}{Similarities to Linux}{subsection.2.1}
\BOOKMARK [3][-]{subsubsection.2.1.2}{Differences from Linux}{subsection.2.1}
\BOOKMARK [2][-]{subsection.2.2}{FreeBSD}{section.2}
\BOOKMARK [3][-]{subsubsection.2.2.1}{Similarities to Linux}{subsection.2.2}
\BOOKMARK [3][-]{subsubsection.2.2.2}{Differences from Linux}{subsection.2.2}
\BOOKMARK [1][-]{section.3}{CPU Scheduling}{}
\BOOKMARK [2][-]{subsection.3.1}{Windows}{section.3}
\BOOKMARK [3][-]{subsubsection.3.1.1}{Similarities to Linux}{subsection.3.1}
\BOOKMARK [3][-]{subsubsection.3.1.2}{Differences from Linux}{subsection.3.1}
\BOOKMARK [2][-]{subsection.3.2}{FreeBSD}{section.3}
\BOOKMARK [3][-]{subsubsection.3.2.1}{Similarities to Linux}{subsection.3.2}
\BOOKMARK [3][-]{subsubsection.3.2.2}{Differences from Linux}{subsection.3.2}
